20:28:44.029 INFO - Launching a standalone Selenium Server
Setting system property webdriver.chrome.driver to src/bin/chromedriver
20:28:44.076 INFO - Java: Oracle Corporation 25.25-b02
20:28:44.076 INFO - OS: Mac OS X 10.11.3 x86_64
20:28:44.089 INFO - v2.52.0, with Core v2.52.0. Built from revision 4c2593c
20:28:44.151 INFO - Driver provider org.openqa.selenium.ie.InternetExplorerDriver registration is skipped:
registration capabilities Capabilities [{ensureCleanSession=true, browserName=internet explorer, version=, platform=WINDOWS}] does not match the current platform MAC
20:28:44.152 INFO - Driver provider org.openqa.selenium.edge.EdgeDriver registration is skipped:
registration capabilities Capabilities [{browserName=MicrosoftEdge, version=, platform=WINDOWS}] does not match the current platform MAC
20:28:44.152 INFO - Driver class not found: com.opera.core.systems.OperaDriver
20:28:44.152 INFO - Driver provider com.opera.core.systems.OperaDriver is not registered
20:28:44.257 INFO - RemoteWebDriver instances should connect to: http://127.0.0.1:4444/wd/hub
20:28:44.257 INFO - Selenium Server is up and running
20:28:44.511 INFO - Executing: [new session: Capabilities [{acceptSslCerts=true, browserName=chrome, javascriptEnabled=true, platform=ANY}]])
20:28:44.525 INFO - Creating a new session for Capabilities [{acceptSslCerts=true, browserName=chrome, javascriptEnabled=true, platform=ANY}]
Starting ChromeDriver 2.21.371459 (36d3d07f660ff2bc1bf28a75d1cdabed0983e7c4) on port 30035
Only local connections are allowed.
20:28:45.989 INFO - Done: [new session: Capabilities [{acceptSslCerts=true, browserName=chrome, javascriptEnabled=true, platform=ANY}]]
20:28:46.001 INFO - Executing: [get: http://localhost:8080])
20:28:46.568 INFO - Done: [get: http://localhost:8080]
20:28:46.576 INFO - Executing: [find elements: By.cssSelector: body])
20:28:46.603 INFO - Done: [find elements: By.cssSelector: body]
20:28:46.606 INFO - Executing: [is displayed: 0 [[ChromeDriver: chrome on MAC (448090c10fa71a8d99b9cc1fa02b1e84)] -> css selector: body]])
20:28:46.618 INFO - Done: [is displayed: 0 [[ChromeDriver: chrome on MAC (448090c10fa71a8d99b9cc1fa02b1e84)] -> css selector: body]]
20:28:46.623 INFO - Executing: [find element: By.cssSelector: input.search-input])
20:28:46.636 INFO - Done: [find element: By.cssSelector: input.search-input]
20:28:46.639 INFO - Executing: [send keys: 1 [[ChromeDriver: chrome on MAC (448090c10fa71a8d99b9cc1fa02b1e84)] -> css selector: input.search-input], [s, t, a, r,  , w, a, r, s]])
20:28:46.721 INFO - Done: [send keys: 1 [[ChromeDriver: chrome on MAC (448090c10fa71a8d99b9cc1fa02b1e84)] -> css selector: input.search-input], [s, t, a, r,  , w, a, r, s]]
20:28:46.729 INFO - Executing: [find elements: By.cssSelector: button.search-btn])
20:28:46.745 INFO - Done: [find elements: By.cssSelector: button.search-btn]
20:28:46.748 INFO - Executing: [is displayed: 2 [[ChromeDriver: chrome on MAC (448090c10fa71a8d99b9cc1fa02b1e84)] -> css selector: button.search-btn]])
20:28:46.760 INFO - Done: [is displayed: 2 [[ChromeDriver: chrome on MAC (448090c10fa71a8d99b9cc1fa02b1e84)] -> css selector: button.search-btn]]
20:28:46.764 INFO - Executing: [find element: By.cssSelector: button.search-btn])
20:28:46.780 INFO - Done: [find element: By.cssSelector: button.search-btn]
20:28:46.783 INFO - Executing: [click: 2 [[ChromeDriver: chrome on MAC (448090c10fa71a8d99b9cc1fa02b1e84)] -> css selector: button.search-btn]])
20:28:46.820 INFO - Done: [click: 2 [[ChromeDriver: chrome on MAC (448090c10fa71a8d99b9cc1fa02b1e84)] -> css selector: button.search-btn]]
20:28:47.826 INFO - Executing: [find elements: By.cssSelector: .table])
20:28:47.843 INFO - Done: [find elements: By.cssSelector: .table]
20:28:47.847 INFO - Executing: [get text: 3 [[ChromeDriver: chrome on MAC (448090c10fa71a8d99b9cc1fa02b1e84)] -> css selector: .table]])
20:28:47.882 INFO - Done: [get text: 3 [[ChromeDriver: chrome on MAC (448090c10fa71a8d99b9cc1fa02b1e84)] -> css selector: .table]]
20:28:47.887 INFO - Executing: [delete session: f302ed49-a8e7-4c44-86be-678e25c11b1d])
20:28:47.967 INFO - Done: [delete session: f302ed49-a8e7-4c44-86be-678e25c11b1d]
20:28:47.978 INFO - Executing: [new session: Capabilities [{acceptSslCerts=true, browserName=chrome, javascriptEnabled=true, platform=ANY}]])
20:28:47.979 INFO - Creating a new session for Capabilities [{acceptSslCerts=true, browserName=chrome, javascriptEnabled=true, platform=ANY}]
Starting ChromeDriver 2.21.371459 (36d3d07f660ff2bc1bf28a75d1cdabed0983e7c4) on port 35958
Only local connections are allowed.
20:28:48.535 INFO - Done: [new session: Capabilities [{acceptSslCerts=true, browserName=chrome, javascriptEnabled=true, platform=ANY}]]
20:28:48.539 INFO - Executing: [get: http://localhost:8080])
20:28:49.275 INFO - Done: [get: http://localhost:8080]
20:28:49.278 INFO - Executing: [find elements: By.cssSelector: body])
20:28:49.293 INFO - Done: [find elements: By.cssSelector: body]
20:28:49.296 INFO - Executing: [is displayed: 0 [[ChromeDriver: chrome on MAC (b1de0953e714eb139c085108ca44f147)] -> css selector: body]])
20:28:49.308 INFO - Done: [is displayed: 0 [[ChromeDriver: chrome on MAC (b1de0953e714eb139c085108ca44f147)] -> css selector: body]]
20:28:49.311 INFO - Executing: [find element: By.cssSelector: input.search-input])
20:28:49.326 INFO - Done: [find element: By.cssSelector: input.search-input]
20:28:49.330 INFO - Executing: [send keys: 1 [[ChromeDriver: chrome on MAC (b1de0953e714eb139c085108ca44f147)] -> css selector: input.search-input], [s, t, a, r,  , w, a, r, s]])
20:28:49.401 INFO - Done: [send keys: 1 [[ChromeDriver: chrome on MAC (b1de0953e714eb139c085108ca44f147)] -> css selector: input.search-input], [s, t, a, r,  , w, a, r, s]]
20:28:49.405 INFO - Executing: [find elements: By.cssSelector: button.search-btn])
20:28:49.419 INFO - Done: [find elements: By.cssSelector: button.search-btn]
20:28:49.423 INFO - Executing: [is displayed: 2 [[ChromeDriver: chrome on MAC (b1de0953e714eb139c085108ca44f147)] -> css selector: button.search-btn]])
20:28:49.434 INFO - Done: [is displayed: 2 [[ChromeDriver: chrome on MAC (b1de0953e714eb139c085108ca44f147)] -> css selector: button.search-btn]]
20:28:49.438 INFO - Executing: [find element: By.cssSelector: button.search-btn])
20:28:49.454 INFO - Done: [find element: By.cssSelector: button.search-btn]
20:28:49.457 INFO - Executing: [click: 2 [[ChromeDriver: chrome on MAC (b1de0953e714eb139c085108ca44f147)] -> css selector: button.search-btn]])
20:28:49.493 INFO - Done: [click: 2 [[ChromeDriver: chrome on MAC (b1de0953e714eb139c085108ca44f147)] -> css selector: button.search-btn]]
20:28:50.498 INFO - Executing: [find elements: By.cssSelector: input.search-input])
20:28:50.515 INFO - Done: [find elements: By.cssSelector: input.search-input]
20:28:50.519 INFO - Executing: [get element attribute: 1 [[ChromeDriver: chrome on MAC (b1de0953e714eb139c085108ca44f147)] -> css selector: input.search-input], value])
20:28:50.528 INFO - Done: [get element attribute: 1 [[ChromeDriver: chrome on MAC (b1de0953e714eb139c085108ca44f147)] -> css selector: input.search-input], value]
20:28:50.531 INFO - Executing: [delete session: b6cd8fbc-4b85-468d-aa01-cad0b6ff1bf0])
20:28:50.604 INFO - Done: [delete session: b6cd8fbc-4b85-468d-aa01-cad0b6ff1bf0]
20:28:50.613 INFO - Executing: [new session: Capabilities [{acceptSslCerts=true, browserName=chrome, javascriptEnabled=true, platform=ANY}]])
20:28:50.614 INFO - Creating a new session for Capabilities [{acceptSslCerts=true, browserName=chrome, javascriptEnabled=true, platform=ANY}]
Starting ChromeDriver 2.21.371459 (36d3d07f660ff2bc1bf28a75d1cdabed0983e7c4) on port 43057
Only local connections are allowed.
20:28:51.186 INFO - Done: [new session: Capabilities [{acceptSslCerts=true, browserName=chrome, javascriptEnabled=true, platform=ANY}]]
20:28:51.190 INFO - Executing: [get: http://localhost:8080])
20:28:51.719 INFO - Done: [get: http://localhost:8080]
20:28:51.723 INFO - Executing: [find elements: By.cssSelector: body])
20:28:51.738 INFO - Done: [find elements: By.cssSelector: body]
20:28:51.742 INFO - Executing: [is displayed: 0 [[ChromeDriver: chrome on MAC (4a145b39e45304fa3e5e7fd7bd382463)] -> css selector: body]])
20:28:51.754 INFO - Done: [is displayed: 0 [[ChromeDriver: chrome on MAC (4a145b39e45304fa3e5e7fd7bd382463)] -> css selector: body]]
20:28:51.757 INFO - Executing: [find element: By.cssSelector: input.search-input])
20:28:51.771 INFO - Done: [find element: By.cssSelector: input.search-input]
20:28:51.774 INFO - Executing: [send keys: 1 [[ChromeDriver: chrome on MAC (4a145b39e45304fa3e5e7fd7bd382463)] -> css selector: input.search-input], [s, t, a, r,  , w, a, r, s]])
20:28:51.852 INFO - Done: [send keys: 1 [[ChromeDriver: chrome on MAC (4a145b39e45304fa3e5e7fd7bd382463)] -> css selector: input.search-input], [s, t, a, r,  , w, a, r, s]]
20:28:51.855 INFO - Executing: [find elements: By.cssSelector: button.search-btn])
20:28:51.869 INFO - Done: [find elements: By.cssSelector: button.search-btn]
20:28:51.872 INFO - Executing: [is displayed: 2 [[ChromeDriver: chrome on MAC (4a145b39e45304fa3e5e7fd7bd382463)] -> css selector: button.search-btn]])
20:28:51.884 INFO - Done: [is displayed: 2 [[ChromeDriver: chrome on MAC (4a145b39e45304fa3e5e7fd7bd382463)] -> css selector: button.search-btn]]
20:28:51.886 INFO - Executing: [find element: By.cssSelector: button.search-btn])
20:28:51.902 INFO - Done: [find element: By.cssSelector: button.search-btn]
20:28:51.904 INFO - Executing: [click: 2 [[ChromeDriver: chrome on MAC (4a145b39e45304fa3e5e7fd7bd382463)] -> css selector: button.search-btn]])
20:28:51.939 INFO - Done: [click: 2 [[ChromeDriver: chrome on MAC (4a145b39e45304fa3e5e7fd7bd382463)] -> css selector: button.search-btn]]
20:28:52.948 INFO - Executing: [find elements: By.cssSelector: table th.header-Year i.fa-sort-asc])
20:28:52.963 INFO - Done: [find elements: By.cssSelector: table th.header-Year i.fa-sort-asc]
20:28:52.966 INFO - Executing: [find elements: By.cssSelector: table tr:first-child td.movie-Year])
20:28:52.980 INFO - Done: [find elements: By.cssSelector: table tr:first-child td.movie-Year]
20:28:52.983 INFO - Executing: [get text: 4 [[ChromeDriver: chrome on MAC (4a145b39e45304fa3e5e7fd7bd382463)] -> css selector: table tr:first-child td.movie-Year]])
20:28:52.999 INFO - Done: [get text: 4 [[ChromeDriver: chrome on MAC (4a145b39e45304fa3e5e7fd7bd382463)] -> css selector: table tr:first-child td.movie-Year]]
20:28:53.002 INFO - Executing: [delete session: d8362bdd-7345-4ede-aafc-fb6591bccc97])
20:28:53.137 INFO - Done: [delete session: d8362bdd-7345-4ede-aafc-fb6591bccc97]
20:28:53.143 INFO - Executing: [new session: Capabilities [{acceptSslCerts=true, browserName=chrome, javascriptEnabled=true, platform=ANY}]])
20:28:53.144 INFO - Creating a new session for Capabilities [{acceptSslCerts=true, browserName=chrome, javascriptEnabled=true, platform=ANY}]
Starting ChromeDriver 2.21.371459 (36d3d07f660ff2bc1bf28a75d1cdabed0983e7c4) on port 5322
Only local connections are allowed.
20:28:53.746 INFO - Done: [new session: Capabilities [{acceptSslCerts=true, browserName=chrome, javascriptEnabled=true, platform=ANY}]]
20:28:53.750 INFO - Executing: [get: http://localhost:8080])
20:28:54.417 INFO - Done: [get: http://localhost:8080]
20:28:54.421 INFO - Executing: [find elements: By.cssSelector: body])
20:28:54.436 INFO - Done: [find elements: By.cssSelector: body]
20:28:54.439 INFO - Executing: [is displayed: 0 [[ChromeDriver: chrome on MAC (f7dc3e8772dd77d0bc8c0983eb92a9b8)] -> css selector: body]])
20:28:54.450 INFO - Done: [is displayed: 0 [[ChromeDriver: chrome on MAC (f7dc3e8772dd77d0bc8c0983eb92a9b8)] -> css selector: body]]
20:28:54.452 INFO - Executing: [find element: By.cssSelector: input.search-input])
20:28:54.466 INFO - Done: [find element: By.cssSelector: input.search-input]
20:28:54.469 INFO - Executing: [send keys: 1 [[ChromeDriver: chrome on MAC (f7dc3e8772dd77d0bc8c0983eb92a9b8)] -> css selector: input.search-input], [s, t, a, r,  , w, a, r, s]])
20:28:54.539 INFO - Done: [send keys: 1 [[ChromeDriver: chrome on MAC (f7dc3e8772dd77d0bc8c0983eb92a9b8)] -> css selector: input.search-input], [s, t, a, r,  , w, a, r, s]]
20:28:54.542 INFO - Executing: [find elements: By.cssSelector: button.search-btn])
20:28:54.556 INFO - Done: [find elements: By.cssSelector: button.search-btn]
20:28:54.558 INFO - Executing: [is displayed: 2 [[ChromeDriver: chrome on MAC (f7dc3e8772dd77d0bc8c0983eb92a9b8)] -> css selector: button.search-btn]])
20:28:54.569 INFO - Done: [is displayed: 2 [[ChromeDriver: chrome on MAC (f7dc3e8772dd77d0bc8c0983eb92a9b8)] -> css selector: button.search-btn]]
20:28:54.572 INFO - Executing: [find element: By.cssSelector: button.search-btn])
20:28:54.586 INFO - Done: [find element: By.cssSelector: button.search-btn]
20:28:54.588 INFO - Executing: [click: 2 [[ChromeDriver: chrome on MAC (f7dc3e8772dd77d0bc8c0983eb92a9b8)] -> css selector: button.search-btn]])
20:28:54.623 INFO - Done: [click: 2 [[ChromeDriver: chrome on MAC (f7dc3e8772dd77d0bc8c0983eb92a9b8)] -> css selector: button.search-btn]]
20:28:55.629 INFO - Executing: [find element: By.cssSelector: table th.header-Year])
20:28:55.645 INFO - Done: [find element: By.cssSelector: table th.header-Year]
20:28:55.647 INFO - Executing: [click: 3 [[ChromeDriver: chrome on MAC (f7dc3e8772dd77d0bc8c0983eb92a9b8)] -> css selector: table th.header-Year]])
20:28:55.679 INFO - Done: [click: 3 [[ChromeDriver: chrome on MAC (f7dc3e8772dd77d0bc8c0983eb92a9b8)] -> css selector: table th.header-Year]]
20:28:55.682 INFO - Executing: [find elements: By.cssSelector: table th.header-Year i.fa-sort-desc])
20:28:55.695 INFO - Done: [find elements: By.cssSelector: table th.header-Year i.fa-sort-desc]
20:28:55.698 INFO - Executing: [find element: By.cssSelector: table tr:first-child td.movie-Year])
20:28:55.711 INFO - Done: [find element: By.cssSelector: table tr:first-child td.movie-Year]
20:28:55.717 INFO - Executing: [get text: 5 [[ChromeDriver: chrome on MAC (f7dc3e8772dd77d0bc8c0983eb92a9b8)] -> css selector: table tr:first-child td.movie-Year]])
20:28:55.732 INFO - Done: [get text: 5 [[ChromeDriver: chrome on MAC (f7dc3e8772dd77d0bc8c0983eb92a9b8)] -> css selector: table tr:first-child td.movie-Year]]
20:28:55.735 INFO - Executing: [delete session: 2bba5d42-af97-4714-aca3-2a214403d300])
20:28:55.814 INFO - Done: [delete session: 2bba5d42-af97-4714-aca3-2a214403d300]
